[debug] > Exec(early(addDefaultCommands), None, None)
[debug] > Exec(addDefaultCommands, None, None)
[debug] > Exec(early(initialize), None, None)
[debug] > Exec(initialize, None, None)
[debug] > Exec(boot, None, None)
[debug] > Exec(writeSbtVersion, None, None)
[debug] > Exec(reload, None, None)
[debug] > Exec(sbtStashOnFailure, None, None)
[debug] > Exec(onFailure loadFailed, None, None)
[debug] > Exec(loadp, None, None)
[info] welcome to sbt 1.5.5 (Ubuntu Java 11.0.11)
[debug]       Load.loadUnit: plugins took 90.624216ms
[debug]       Load.loadUnit: defsScala took 0.46274ms
[debug] [Loading] Scanning directory /home/tom/.sbt/1.0/plugins
[debug] [Loading] Found non-root projects 
[debug] [Loading] Done in /home/tom/.sbt/1.0/plugins, returning: ()
[debug] deducing auto plugins based on known facts Set(Atom(sbt.plugins.CorePlugin)) and clauses Clauses(Clause(Atom(sbt.plugins.JvmPlugin),Set(Atom(sbt.plugins.IvyPlugin)))
[debug] Clause(Atom(sbt.ScriptedPlugin),Set(Atom(sbt.plugins.JvmPlugin)))
[debug] Clause(Atom(sbt.plugins.SbtPlugin),Set(Atom(sbt.ScriptedPlugin)))
[debug] Clause(Atom(sbt.plugins.SemanticdbPlugin),Set(Atom(sbt.plugins.JvmPlugin)))
[debug] Clause(Atom(sbt.plugins.JUnitXmlReportPlugin),Set(Atom(sbt.plugins.JvmPlugin)))
[debug] Clause(Atom(sbt.plugins.MiniDependencyTreePlugin),Set(Atom(sbt.plugins.JvmPlugin)))
[debug] Clause(Atom(sbt.plugins.CorePlugin),Set(Atom(sbt.plugins.IvyPlugin)))
[debug] Clause(Atom(sbt.plugins.IvyPlugin),Set(Atom(sbt.plugins.JvmPlugin)))
[debug] Clause(Atom(sbt.plugins.JvmPlugin),Set(Atom(sbt.plugins.SemanticdbPlugin)))
[debug] Clause(Atom(sbt.plugins.JvmPlugin),Set(Atom(sbt.plugins.JUnitXmlReportPlugin)))
[debug] Clause(Atom(sbt.plugins.CorePlugin),Set(Atom(sbt.plugins.Giter8TemplatePlugin)))
[debug] Clause(Atom(sbt.plugins.JvmPlugin),Set(Atom(sbt.plugins.MiniDependencyTreePlugin))))
[debug]   :: deduced result: Matched(sbt.plugins.CorePlugin,sbt.plugins.Giter8TemplatePlugin,sbt.plugins.IvyPlugin,sbt.plugins.JvmPlugin,sbt.plugins.MiniDependencyTreePlugin,sbt.plugins.JUnitXmlReportPlugin,sbt.plugins.SemanticdbPlugin)
[debug] Plugins.deducer#function took 20.398951 ms
[debug]           Load.resolveProject(global-plugins) took 111.405165ms
[debug]         Load.loadTransitive: finalizeProject(Project(id global-plugins, base: /home/tom/.sbt/1.0/plugins, plugins: List(<none>))) took 161.555946ms
[debug] [Loading] Done in /home/tom/.sbt/1.0/plugins, returning: (global-plugins)
[debug]       Load.loadUnit: loadedProjectsRaw took 187.042264ms
[debug]       Load.loadUnit: cleanEvalClasses took 0.27032ms
[debug]     Load.loadUnit(file:/home/tom/.sbt/1.0/plugins/, ...) took 290.775629ms
[debug]   Load.apply: load took 441.815042ms
[debug]   Load.apply: resolveProjects took 6.659375ms
[debug]   Load.apply: finalTransforms took 63.02927ms
[debug]   Load.apply: config.delegates took 8.065931ms
[debug]   Load.apply: Def.make(settings)... took 405.137303ms
[debug]   Load.apply: structureIndex took 103.682657ms
[debug]   Load.apply: mkStreams took 1.866777ms
[info] loading global plugins from /home/tom/.sbt/1.0/plugins
[debug] Running task... Cancel: Signal, check cycles: false, forcegc: true
[debug] Load.defaultLoad until apply took 2513.45266ms
[debug]           Load.loadUnit: plugins took 13.779412ms
[debug]           Load.loadUnit: defsScala took 0.007238ms
[debug] [Loading] Scanning directory /home/tom/Documents/M2/BigData/TP/TP2/SparkTP/project
[debug] [Loading] Found non-root projects 
[debug] [Loading] Done in /home/tom/Documents/M2/BigData/TP/TP2/SparkTP/project, returning: ()
[debug] deducing auto plugins based on known facts Set(Atom(sbt.plugins.CorePlugin)) and clauses Clauses(Clause(Atom(sbt.plugins.JvmPlugin),Set(Atom(sbt.plugins.IvyPlugin)))
[debug] Clause(Atom(sbt.ScriptedPlugin),Set(Atom(sbt.plugins.JvmPlugin)))
[debug] Clause(Atom(sbt.plugins.SbtPlugin),Set(Atom(sbt.ScriptedPlugin)))
[debug] Clause(Atom(sbt.plugins.SemanticdbPlugin),Set(Atom(sbt.plugins.JvmPlugin)))
[debug] Clause(Atom(sbt.plugins.JUnitXmlReportPlugin),Set(Atom(sbt.plugins.JvmPlugin)))
[debug] Clause(Atom(sbt.plugins.MiniDependencyTreePlugin),Set(Atom(sbt.plugins.JvmPlugin)))
[debug] Clause(Atom(sbt.plugins.CorePlugin),Set(Atom(sbt.plugins.IvyPlugin)))
[debug] Clause(Atom(sbt.plugins.IvyPlugin),Set(Atom(sbt.plugins.JvmPlugin)))
[debug] Clause(Atom(sbt.plugins.JvmPlugin),Set(Atom(sbt.plugins.SemanticdbPlugin)))
[debug] Clause(Atom(sbt.plugins.JvmPlugin),Set(Atom(sbt.plugins.JUnitXmlReportPlugin)))
[debug] Clause(Atom(sbt.plugins.CorePlugin),Set(Atom(sbt.plugins.Giter8TemplatePlugin)))
[debug] Clause(Atom(sbt.plugins.JvmPlugin),Set(Atom(sbt.plugins.MiniDependencyTreePlugin))))
[debug]   :: deduced result: Matched(sbt.plugins.CorePlugin,sbt.plugins.Giter8TemplatePlugin,sbt.plugins.IvyPlugin,sbt.plugins.JvmPlugin,sbt.plugins.MiniDependencyTreePlugin,sbt.plugins.JUnitXmlReportPlugin,sbt.plugins.SemanticdbPlugin)
[debug] Plugins.deducer#function took 1.689424 ms
[debug]               Load.resolveProject(sparktp-build) took 1.016426ms
[debug]             Load.loadTransitive: finalizeProject(Project(id sparktp-build, base: /home/tom/Documents/M2/BigData/TP/TP2/SparkTP/project, plugins: List(<none>))) took 3.254816ms
[debug] [Loading] Done in /home/tom/Documents/M2/BigData/TP/TP2/SparkTP/project, returning: (sparktp-build)
[debug]           Load.loadUnit: loadedProjectsRaw took 4.602376ms
[debug]           Load.loadUnit: cleanEvalClasses took 0.009627ms
[debug]         Load.loadUnit(file:/home/tom/Documents/M2/BigData/TP/TP2/SparkTP/project/, ...) took 19.049036ms
[debug]       Load.apply: load took 20.247074ms
[debug]       Load.apply: resolveProjects took 0.147053ms
[debug]       Load.apply: finalTransforms took 7.075413ms
[debug]       Load.apply: config.delegates took 0.349541ms
[debug]       Load.apply: Def.make(settings)... took 99.800812ms
[debug]       Load.apply: structureIndex took 22.251296ms
[debug]       Load.apply: mkStreams took 0.003075ms
[info] loading project definition from /home/tom/Documents/M2/BigData/TP/TP2/SparkTP/project
[debug] Running task... Cancel: Signal, check cycles: false, forcegc: true
[debug]     Load.loadUnit: plugins took 310.143826ms
[debug]     Load.loadUnit: defsScala took 0.004086ms
[debug] [Loading] Scanning directory /home/tom/Documents/M2/BigData/TP/TP2/SparkTP
[debug]       Load.loadUnit: mkEval took 4.981423ms
[debug] [Loading] Found non-root projects 
[debug] [Loading] Done in /home/tom/Documents/M2/BigData/TP/TP2/SparkTP, returning: ()
[debug] deducing auto plugins based on known facts Set(Atom(sbt.plugins.CorePlugin)) and clauses Clauses(Clause(Atom(sbt.plugins.JvmPlugin),Set(Atom(sbt.plugins.IvyPlugin)))
[debug] Clause(Atom(sbt.ScriptedPlugin),Set(Atom(sbt.plugins.JvmPlugin)))
[debug] Clause(Atom(sbt.plugins.SbtPlugin),Set(Atom(sbt.ScriptedPlugin)))
[debug] Clause(Atom(sbt.plugins.SemanticdbPlugin),Set(Atom(sbt.plugins.JvmPlugin)))
[debug] Clause(Atom(sbt.plugins.JUnitXmlReportPlugin),Set(Atom(sbt.plugins.JvmPlugin)))
[debug] Clause(Atom(sbt.plugins.MiniDependencyTreePlugin),Set(Atom(sbt.plugins.JvmPlugin)))
[debug] Clause(Atom(sbt.plugins.CorePlugin),Set(Atom(sbt.plugins.IvyPlugin)))
[debug] Clause(Atom(sbt.plugins.IvyPlugin),Set(Atom(sbt.plugins.JvmPlugin)))
[debug] Clause(Atom(sbt.plugins.JvmPlugin),Set(Atom(sbt.plugins.SemanticdbPlugin)))
[debug] Clause(Atom(sbt.plugins.JvmPlugin),Set(Atom(sbt.plugins.JUnitXmlReportPlugin)))
[debug] Clause(Atom(sbt.plugins.CorePlugin),Set(Atom(sbt.plugins.Giter8TemplatePlugin)))
[debug] Clause(Atom(sbt.plugins.JvmPlugin),Set(Atom(sbt.plugins.MiniDependencyTreePlugin))))
[debug]   :: deduced result: Matched(sbt.plugins.CorePlugin,sbt.plugins.Giter8TemplatePlugin,sbt.plugins.IvyPlugin,sbt.plugins.JvmPlugin,sbt.plugins.MiniDependencyTreePlugin,sbt.plugins.JUnitXmlReportPlugin,sbt.plugins.SemanticdbPlugin)
[debug] Plugins.deducer#function took 1.730175 ms
[info] loading settings for project sparktp from build.sbt ...
[debug]         Load.resolveProject(sparktp) took 2.362615ms
[debug]       Load.loadTransitive: finalizeProject(Project(id sparktp, base: /home/tom/Documents/M2/BigData/TP/TP2/SparkTP, plugins: List(<none>))) took 4.663669ms
[debug] [Loading] Done in /home/tom/Documents/M2/BigData/TP/TP2/SparkTP, returning: (sparktp)
[debug]     Load.loadUnit: loadedProjectsRaw took 65.065559ms
[debug]     Load.loadUnit: cleanEvalClasses took 4.277878ms
[debug]   Load.loadUnit(file:/home/tom/Documents/M2/BigData/TP/TP2/SparkTP/, ...) took 380.182969ms
[debug] Load.apply: load took 381.330449ms
[debug] Load.apply: resolveProjects took 0.110285ms
[debug] Load.apply: finalTransforms took 8.07554ms
[debug] Load.apply: config.delegates took 0.413062ms
[debug] Load.apply: Def.make(settings)... took 81.544528ms
[debug] Load.apply: structureIndex took 22.212816ms
[debug] Load.apply: mkStreams took 0.004523ms
[info] set current project to SparkTP (in build file:/home/tom/Documents/M2/BigData/TP/TP2/SparkTP/)
[debug] > Exec(sbtPopOnFailure, None, None)
[debug] > Exec(resumeFromFailure, None, None)
[debug] > Exec(notifyUsersAboutShell, None, None)
[debug] > Exec(iflast shell, None, None)
[debug] > Exec(shell, None, None)
[info] sbt server started at local:///home/tom/.sbt/1.0/server/548d86119bcdf61af9d1/sock
[debug] Writing bsp connection file
[info] started sbt server
