[debug] > Exec(early(addDefaultCommands), None, None)
[debug] > Exec(addDefaultCommands, None, None)
[debug] > Exec(early(initialize), None, None)
[debug] > Exec(initialize, None, None)
[debug] > Exec(boot, None, None)
[debug] > Exec(writeSbtVersion, None, None)
[debug] > Exec(reload, None, None)
[debug] > Exec(sbtStashOnFailure, None, None)
[debug] > Exec(onFailure loadFailed, None, None)
[debug] > Exec(loadp, None, None)
[info] welcome to sbt 1.5.5 (Ubuntu Java 11.0.11)
[debug]       Load.loadUnit: plugins took 66.707519ms
[debug]       Load.loadUnit: defsScala took 0.34244ms
[debug] [Loading] Scanning directory /home/tom/.sbt/1.0/plugins
[debug] [Loading] Found non-root projects 
[debug] [Loading] Done in /home/tom/.sbt/1.0/plugins, returning: ()
[debug] deducing auto plugins based on known facts Set(Atom(sbt.plugins.CorePlugin)) and clauses Clauses(Clause(Atom(sbt.plugins.JvmPlugin),Set(Atom(sbt.plugins.IvyPlugin)))
[debug] Clause(Atom(sbt.ScriptedPlugin),Set(Atom(sbt.plugins.JvmPlugin)))
[debug] Clause(Atom(sbt.plugins.SbtPlugin),Set(Atom(sbt.ScriptedPlugin)))
[debug] Clause(Atom(sbt.plugins.SemanticdbPlugin),Set(Atom(sbt.plugins.JvmPlugin)))
[debug] Clause(Atom(sbt.plugins.JUnitXmlReportPlugin),Set(Atom(sbt.plugins.JvmPlugin)))
[debug] Clause(Atom(sbt.plugins.MiniDependencyTreePlugin),Set(Atom(sbt.plugins.JvmPlugin)))
[debug] Clause(Atom(sbt.plugins.CorePlugin),Set(Atom(sbt.plugins.IvyPlugin)))
[debug] Clause(Atom(sbt.plugins.IvyPlugin),Set(Atom(sbt.plugins.JvmPlugin)))
[debug] Clause(Atom(sbt.plugins.JvmPlugin),Set(Atom(sbt.plugins.SemanticdbPlugin)))
[debug] Clause(Atom(sbt.plugins.JvmPlugin),Set(Atom(sbt.plugins.JUnitXmlReportPlugin)))
[debug] Clause(Atom(sbt.plugins.CorePlugin),Set(Atom(sbt.plugins.Giter8TemplatePlugin)))
[debug] Clause(Atom(sbt.plugins.JvmPlugin),Set(Atom(sbt.plugins.MiniDependencyTreePlugin))))
[debug]   :: deduced result: Matched(sbt.plugins.CorePlugin,sbt.plugins.Giter8TemplatePlugin,sbt.plugins.IvyPlugin,sbt.plugins.JvmPlugin,sbt.plugins.MiniDependencyTreePlugin,sbt.plugins.JUnitXmlReportPlugin,sbt.plugins.SemanticdbPlugin)
[debug] Plugins.deducer#function took 12.097674 ms
[debug]           Load.resolveProject(global-plugins) took 31.832091ms
[debug]         Load.loadTransitive: finalizeProject(Project(id global-plugins, base: /home/tom/.sbt/1.0/plugins, plugins: List(<none>))) took 62.559685ms
[debug] [Loading] Done in /home/tom/.sbt/1.0/plugins, returning: (global-plugins)
[debug]       Load.loadUnit: loadedProjectsRaw took 76.638192ms
[debug]       Load.loadUnit: cleanEvalClasses took 0.321997ms
[debug]     Load.loadUnit(file:/home/tom/.sbt/1.0/plugins/, ...) took 162.398238ms
[debug]   Load.apply: load took 300.798126ms
[debug]   Load.apply: resolveProjects took 4.959077ms
[debug]   Load.apply: finalTransforms took 40.641397ms
[debug]   Load.apply: config.delegates took 5.055113ms
[debug]   Load.apply: Def.make(settings)... took 256.840646ms
[debug]   Load.apply: structureIndex took 67.980589ms
[debug]   Load.apply: mkStreams took 0.991383ms
[info] loading global plugins from /home/tom/.sbt/1.0/plugins
[debug] Running task... Cancel: Signal, check cycles: false, forcegc: true
[debug] Load.defaultLoad until apply took 1690.384231ms
[debug]           Load.loadUnit: plugins took 10.272227ms
[debug]           Load.loadUnit: defsScala took 0.002982ms
[debug] [Loading] Scanning directory /home/tom/Documents/M2/BigData/TP/TP2/SparkTP/project
[debug] [Loading] Found non-root projects 
[debug] [Loading] Done in /home/tom/Documents/M2/BigData/TP/TP2/SparkTP/project, returning: ()
[debug] deducing auto plugins based on known facts Set(Atom(sbt.plugins.CorePlugin)) and clauses Clauses(Clause(Atom(sbt.plugins.JvmPlugin),Set(Atom(sbt.plugins.IvyPlugin)))
[debug] Clause(Atom(sbt.ScriptedPlugin),Set(Atom(sbt.plugins.JvmPlugin)))
[debug] Clause(Atom(sbt.plugins.SbtPlugin),Set(Atom(sbt.ScriptedPlugin)))
[debug] Clause(Atom(sbt.plugins.SemanticdbPlugin),Set(Atom(sbt.plugins.JvmPlugin)))
[debug] Clause(Atom(sbt.plugins.JUnitXmlReportPlugin),Set(Atom(sbt.plugins.JvmPlugin)))
[debug] Clause(Atom(sbt.plugins.MiniDependencyTreePlugin),Set(Atom(sbt.plugins.JvmPlugin)))
[debug] Clause(Atom(sbt.plugins.CorePlugin),Set(Atom(sbt.plugins.IvyPlugin)))
[debug] Clause(Atom(sbt.plugins.IvyPlugin),Set(Atom(sbt.plugins.JvmPlugin)))
[debug] Clause(Atom(sbt.plugins.JvmPlugin),Set(Atom(sbt.plugins.SemanticdbPlugin)))
[debug] Clause(Atom(sbt.plugins.JvmPlugin),Set(Atom(sbt.plugins.JUnitXmlReportPlugin)))
[debug] Clause(Atom(sbt.plugins.CorePlugin),Set(Atom(sbt.plugins.Giter8TemplatePlugin)))
[debug] Clause(Atom(sbt.plugins.JvmPlugin),Set(Atom(sbt.plugins.MiniDependencyTreePlugin))))
[debug]   :: deduced result: Matched(sbt.plugins.CorePlugin,sbt.plugins.Giter8TemplatePlugin,sbt.plugins.IvyPlugin,sbt.plugins.JvmPlugin,sbt.plugins.MiniDependencyTreePlugin,sbt.plugins.JUnitXmlReportPlugin,sbt.plugins.SemanticdbPlugin)
[debug] Plugins.deducer#function took 1.460117 ms
[debug]               Load.resolveProject(sparktp-build) took 0.708236ms
[debug]             Load.loadTransitive: finalizeProject(Project(id sparktp-build, base: /home/tom/Documents/M2/BigData/TP/TP2/SparkTP/project, plugins: List(<none>))) took 2.561764ms
[debug] [Loading] Done in /home/tom/Documents/M2/BigData/TP/TP2/SparkTP/project, returning: (sparktp-build)
[debug]           Load.loadUnit: loadedProjectsRaw took 4.145873ms
[debug]           Load.loadUnit: cleanEvalClasses took 0.006768ms
[debug]         Load.loadUnit(file:/home/tom/Documents/M2/BigData/TP/TP2/SparkTP/project/, ...) took 14.872589ms
[debug]       Load.apply: load took 15.595112ms
[debug]       Load.apply: resolveProjects took 0.073853ms
[debug]       Load.apply: finalTransforms took 5.835232ms
[debug]       Load.apply: config.delegates took 0.302334ms
[debug]       Load.apply: Def.make(settings)... took 79.478326ms
[debug]       Load.apply: structureIndex took 26.197699ms
[debug]       Load.apply: mkStreams took 0.003111ms
[info] loading project definition from /home/tom/Documents/M2/BigData/TP/TP2/SparkTP/project
[debug] Running task... Cancel: Signal, check cycles: false, forcegc: true
[debug]     Load.loadUnit: plugins took 263.521271ms
[debug]     Load.loadUnit: defsScala took 0.002439ms
[debug] [Loading] Scanning directory /home/tom/Documents/M2/BigData/TP/TP2/SparkTP
[debug]       Load.loadUnit: mkEval took 4.45521ms
[debug] [Loading] Found non-root projects 
[debug] [Loading] Done in /home/tom/Documents/M2/BigData/TP/TP2/SparkTP, returning: ()
[debug] deducing auto plugins based on known facts Set(Atom(sbt.plugins.CorePlugin)) and clauses Clauses(Clause(Atom(sbt.plugins.JvmPlugin),Set(Atom(sbt.plugins.IvyPlugin)))
[debug] Clause(Atom(sbt.ScriptedPlugin),Set(Atom(sbt.plugins.JvmPlugin)))
[debug] Clause(Atom(sbt.plugins.SbtPlugin),Set(Atom(sbt.ScriptedPlugin)))
[debug] Clause(Atom(sbt.plugins.SemanticdbPlugin),Set(Atom(sbt.plugins.JvmPlugin)))
[debug] Clause(Atom(sbt.plugins.JUnitXmlReportPlugin),Set(Atom(sbt.plugins.JvmPlugin)))
[debug] Clause(Atom(sbt.plugins.MiniDependencyTreePlugin),Set(Atom(sbt.plugins.JvmPlugin)))
[debug] Clause(Atom(sbt.plugins.CorePlugin),Set(Atom(sbt.plugins.IvyPlugin)))
[debug] Clause(Atom(sbt.plugins.IvyPlugin),Set(Atom(sbt.plugins.JvmPlugin)))
[debug] Clause(Atom(sbt.plugins.JvmPlugin),Set(Atom(sbt.plugins.SemanticdbPlugin)))
[debug] Clause(Atom(sbt.plugins.JvmPlugin),Set(Atom(sbt.plugins.JUnitXmlReportPlugin)))
[debug] Clause(Atom(sbt.plugins.CorePlugin),Set(Atom(sbt.plugins.Giter8TemplatePlugin)))
[debug] Clause(Atom(sbt.plugins.JvmPlugin),Set(Atom(sbt.plugins.MiniDependencyTreePlugin))))
[debug]   :: deduced result: Matched(sbt.plugins.CorePlugin,sbt.plugins.Giter8TemplatePlugin,sbt.plugins.IvyPlugin,sbt.plugins.JvmPlugin,sbt.plugins.MiniDependencyTreePlugin,sbt.plugins.JUnitXmlReportPlugin,sbt.plugins.SemanticdbPlugin)
[debug] Plugins.deducer#function took 1.020426 ms
[info] loading settings for project sparktp from build.sbt ...
[debug]         Load.resolveProject(sparktp) took 1.649457ms
[debug]       Load.loadTransitive: finalizeProject(Project(id sparktp, base: /home/tom/Documents/M2/BigData/TP/TP2/SparkTP, plugins: List(<none>))) took 3.082995ms
[debug] [Loading] Done in /home/tom/Documents/M2/BigData/TP/TP2/SparkTP, returning: (sparktp)
[debug]     Load.loadUnit: loadedProjectsRaw took 1074.826142ms
[debug]     Load.loadUnit: cleanEvalClasses took 2.842886ms
[debug]   Load.loadUnit(file:/home/tom/Documents/M2/BigData/TP/TP2/SparkTP/, ...) took 1341.684907ms
[debug] Load.apply: load took 1342.724923ms
[debug] Load.apply: resolveProjects took 0.083894ms
[debug] Load.apply: finalTransforms took 5.267379ms
[debug] Load.apply: config.delegates took 0.206184ms
[debug] Load.apply: Def.make(settings)... took 67.746859ms
[debug] Load.apply: structureIndex took 23.503374ms
[debug] Load.apply: mkStreams took 0.004341ms
[info] set current project to SparkTP (in build file:/home/tom/Documents/M2/BigData/TP/TP2/SparkTP/)
[debug] > Exec(sbtPopOnFailure, None, None)
[debug] > Exec(resumeFromFailure, None, None)
[debug] > Exec(notifyUsersAboutShell, None, None)
[debug] > Exec(iflast shell, None, None)
[debug] > Exec(shell, None, None)
[info] sbt server started at local:///home/tom/.sbt/1.0/server/548d86119bcdf61af9d1/sock
[debug] Writing bsp connection file
[info] started sbt server
